[    0.000000] Initializing cgroup subsys cpuset
[    0.000000] Initializing cgroup subsys cpu
[    0.000000] Initializing cgroup subsys cpuacct
[    0.000000] Linux version 4.4.0-190-generic (buildd@lcy01-amd64-026) (gcc version 5.4.0 20160609 (Ubuntu 5.4.0-6ubuntu1~16.04.12) ) #220-Ubuntu SMP Fri Aug 28 23:02:15 UTC 2020 (Ubuntu 4.4.0-190.220-generic 4.4.233)
[    0.000000] Command line: BOOT_IMAGE=/boot/vmlinuz-4.4.0-190-generic root=LABEL=cloudimg-rootfs ro console=tty1 console=ttyS0
[    0.000000] KERNEL supported cpus:
[    0.000000]   Intel GenuineIntel
[    0.000000]   AMD AuthenticAMD
[    0.000000]   Centaur CentaurHauls
[    0.000000] x86/fpu: xstate_offset[2]:  576, xstate_sizes[2]:  256
[    0.000000] x86/fpu: Supporting XSAVE feature 0x01: 'x87 floating point registers'
[    0.000000] x86/fpu: Supporting XSAVE feature 0x02: 'SSE registers'
[    0.000000] x86/fpu: Supporting XSAVE feature 0x04: 'AVX registers'
[    0.000000] x86/fpu: Enabled xstate features 0x7, context size is 832 bytes, using 'standard' format.
[    0.000000] e820: BIOS-provided physical RAM map:
[    0.000000] BIOS-e820: [mem 0x0000000000000000-0x000000000009fbff] usable
[    0.000000] BIOS-e820: [mem 0x000000000009fc00-0x000000000009ffff] reserved
[    0.000000] BIOS-e820: [mem 0x00000000000f0000-0x00000000000fffff] reserved
[    0.000000] BIOS-e820: [mem 0x0000000000100000-0x000000003ffeffff] usable
[    0.000000] BIOS-e820: [mem 0x000000003fff0000-0x000000003fffffff] ACPI data
[    0.000000] BIOS-e820: [mem 0x00000000fec00000-0x00000000fec00fff] reserved
[    0.000000] BIOS-e820: [mem 0x00000000fee00000-0x00000000fee00fff] reserved
[    0.000000] BIOS-e820: [mem 0x00000000fffc0000-0x00000000ffffffff] reserved
[    0.000000] NX (Execute Disable) protection: active
[    0.000000] SMBIOS 2.5 present.
[    0.000000] Hypervisor detected: KVM
[    0.000000] e820: last_pfn = 0x3fff0 max_arch_pfn = 0x400000000
[    0.000000] MTRR: Disabled
[    0.000000] x86/PAT: MTRRs disabled, skipping PAT initialization too.
[    0.000000] CPU MTRRs all blank - virtualized system.
[    0.000000] x86/PAT: Configuration [0-7]: WB  WT  UC- UC  WB  WT  UC- UC  
[    0.000000] found SMP MP-table at [mem 0x0009fff0-0x0009ffff] mapped at [ffff88000009fff0]
[    0.000000] Scanning 1 areas for low memory corruption
[    0.000000] RAMDISK: [mem 0x362e0000-0x37167fff]
[    0.000000] ACPI: Early table checksum verification disabled
[    0.000000] ACPI: RSDP 0x00000000000E0000 000024 (v02 VBOX  )
[    0.000000] ACPI: XSDT 0x000000003FFF0030 00003C (v01 VBOX   VBOXXSDT 00000001 ASL  00000061)
[    0.000000] ACPI: FACP 0x000000003FFF00F0 0000F4 (v04 VBOX   VBOXFACP 00000001 ASL  00000061)
[    0.000000] ACPI: DSDT 0x000000003FFF0470 002325 (v02 VBOX   VBOXBIOS 00000002 INTL 20100528)
[    0.000000] ACPI: FACS 0x000000003FFF0200 000040
[    0.000000] ACPI: FACS 0x000000003FFF0200 000040
[    0.000000] ACPI: APIC 0x000000003FFF0240 00005C (v02 VBOX   VBOXAPIC 00000001 ASL  00000061)
[    0.000000] ACPI: SSDT 0x000000003FFF02A0 0001CC (v01 VBOX   VBOXCPUT 00000002 INTL 20100528)
[    0.000000] No NUMA configuration found
[    0.000000] Faking a node at [mem 0x0000000000000000-0x000000003ffeffff]
[    0.000000] NODE_DATA(0) allocated [mem 0x3ffeb000-0x3ffeffff]
[    0.000000] kvm-clock: Using msrs 4b564d01 and 4b564d00
[    0.000000] kvm-clock: cpu 0, msr 0:3ffe3001, primary cpu clock
[    0.000000] kvm-clock: using sched offset of 3869718637 cycles
[    0.000000] clocksource: kvm-clock: mask: 0xffffffffffffffff max_cycles: 0x1cd42e4dffb, max_idle_ns: 881590591483 ns
[    0.000000] Zone ranges:
[    0.000000]   DMA      [mem 0x0000000000001000-0x0000000000ffffff]
[    0.000000]   DMA32    [mem 0x0000000001000000-0x000000003ffeffff]
[    0.000000]   Normal   empty
[    0.000000]   Device   empty
[    0.000000] Movable zone start for each node
[    0.000000] Early memory node ranges
[    0.000000]   node   0: [mem 0x0000000000001000-0x000000000009efff]
[    0.000000]   node   0: [mem 0x0000000000100000-0x000000003ffeffff]
[    0.000000] Initmem setup node 0 [mem 0x0000000000001000-0x000000003ffeffff]
[    0.000000] ACPI: PM-Timer IO Port: 0x4008
[    0.000000] IOAPIC[0]: apic_id 2, version 32, address 0xfec00000, GSI 0-23
[    0.000000] ACPI: INT_SRC_OVR (bus 0 bus_irq 0 global_irq 2 dfl dfl)
[    0.000000] ACPI: INT_SRC_OVR (bus 0 bus_irq 9 global_irq 9 low level)
[    0.000000] Using ACPI (MADT) for SMP configuration information
[    0.000000] smpboot: Allowing 2 CPUs, 0 hotplug CPUs
[    0.000000] PM: Registered nosave memory: [mem 0x00000000-0x00000fff]
[    0.000000] PM: Registered nosave memory: [mem 0x0009f000-0x0009ffff]
[    0.000000] PM: Registered nosave memory: [mem 0x000a0000-0x000effff]
[    0.000000] PM: Registered nosave memory: [mem 0x000f0000-0x000fffff]
[    0.000000] e820: [mem 0x40000000-0xfebfffff] available for PCI devices
[    0.000000] Booting paravirtualized kernel on KVM
[    0.000000] clocksource: refined-jiffies: mask: 0xffffffff max_cycles: 0xffffffff, max_idle_ns: 7645519600211568 ns
[    0.000000] setup_percpu: NR_CPUS:512 nr_cpumask_bits:512 nr_cpu_ids:2 nr_node_ids:1
[    0.000000] PERCPU: Embedded 33 pages/cpu @ffff88003fc00000 s95512 r8192 d31464 u1048576
[    0.000000] Built 1 zonelists in Node order, mobility grouping on.  Total pages: 257912
[    0.000000] Policy zone: DMA32
[    0.000000] Kernel command line: BOOT_IMAGE=/boot/vmlinuz-4.4.0-190-generic root=LABEL=cloudimg-rootfs ro console=tty1 console=ttyS0
[    0.000000] PID hash table entries: 4096 (order: 3, 32768 bytes)
[    0.000000] Memory: 997664K/1048120K available (8636K kernel code, 1337K rwdata, 4040K rodata, 1492K init, 1296K bss, 50456K reserved, 0K cma-reserved)
[    0.000000] SLUB: HWalign=64, Order=0-3, MinObjects=0, CPUs=2, Nodes=1
[    0.000000] Kernel/User page tables isolation: enabled
[    0.000000] Hierarchical RCU implementation.
[    0.000000] 	Build-time adjustment of leaf fanout to 64.
[    0.000000] 	RCU restricting CPUs from NR_CPUS=512 to nr_cpu_ids=2.
[    0.000000] RCU: Adjusting geometry for rcu_fanout_leaf=64, nr_cpu_ids=2
[    0.000000] NR_IRQS:33024 nr_irqs:440 16
[    0.000000] Console: colour VGA+ 80x25
[    0.000000] console [tty1] enabled
[    0.000000] console [ttyS0] enabled
[    0.000000] tsc: Detected 1800.004 MHz processor
[    0.136823] Calibrating delay loop (skipped) preset value.. 3600.00 BogoMIPS (lpj=7200016)
[    0.138354] pid_max: default: 32768 minimum: 301
[    0.139272] ACPI: Core revision 20150930
[    0.140772] ACPI: 2 ACPI AML tables successfully acquired and loaded
[    0.141963] Security Framework initialized
[    0.142706] Yama: becoming mindful.
[    0.143404] AppArmor: AppArmor initialized
[    0.144292] Dentry cache hash table entries: 131072 (order: 8, 1048576 bytes)
[    0.148556] Inode-cache hash table entries: 65536 (order: 7, 524288 bytes)
[    0.149688] Mount-cache hash table entries: 2048 (order: 2, 16384 bytes)
[    0.150729] Mountpoint-cache hash table entries: 2048 (order: 2, 16384 bytes)
[    0.151926] Initializing cgroup subsys io
[    0.152653] Initializing cgroup subsys memory
[    0.153427] Initializing cgroup subsys devices
[    0.154217] Initializing cgroup subsys freezer
[    0.155007] Initializing cgroup subsys net_cls
[    0.155779] Initializing cgroup subsys perf_event
[    0.156599] Initializing cgroup subsys net_prio
[    0.157385] Initializing cgroup subsys hugetlb
[    0.158175] Initializing cgroup subsys pids
[    0.160638] mce: CPU supports 0 MCE banks
[    0.161380] Last level iTLB entries: 4KB 64, 2MB 8, 4MB 8
[    0.162293] Last level dTLB entries: 4KB 64, 2MB 0, 4MB 0, 1GB 4
[    0.163281] Spectre V1 : Mitigation: usercopy/swapgs barriers and __user pointer sanitization
[    0.164756] Spectre V2 : Mitigation: Full generic retpoline
[    0.165681] Spectre V2 : Spectre v2 / SpectreRSB mitigation: Filling RSB on context switch
[    0.167116] Speculative Store Bypass: Vulnerable
[    0.168016] SRBDS: Unknown: Dependent on hypervisor status
[    0.169030] MDS: Vulnerable: Clear CPU buffers attempted, no microcode
[    0.172671] Freeing SMP alternatives memory: 36K
[    0.179301] ftrace: allocating 32339 entries in 127 pages
[    0.237456] smpboot: APIC(0) Converting physical 0 to logical package 0
[    0.238554] smpboot: Max logical packages: 1
[    0.239545] x2apic enabled
[    0.240345] Switched APIC routing to physical x2apic.
[    0.242199] ..TIMER: vector=0x30 apic1=0 pin1=2 apic2=-1 pin2=-1
[    0.351264] smpboot: CPU0: Intel(R) Core(TM) i5-8250U CPU @ 1.60GHz (family: 0x6, model: 0x8e, stepping: 0xa)
[    0.353181] Performance Events: unsupported p6 CPU model 142 no PMU driver, software events only.
[    0.363182] KVM setup paravirtual spinlock
[    0.364553] x86: Booting SMP configuration:
[    0.365332] .... node  #0, CPUs:      #1
[    0.366246] kvm-clock: cpu 1, msr 0:3ffe3041, secondary cpu clock
[    0.368657] mce: CPU supports 0 MCE banks
[    0.371105] x86: Booted up 1 node, 2 CPUs
[    0.372029] smpboot: Total of 2 processors activated (7200.01 BogoMIPS)
[    0.373385] devtmpfs: initialized
[    0.375646] evm: security.selinux
[    0.376389] evm: security.SMACK64
[    0.377044] evm: security.SMACK64EXEC
[    0.377743] evm: security.SMACK64TRANSMUTE
[    0.378485] evm: security.SMACK64MMAP
[    0.379168] evm: security.ima
[    0.379808] evm: security.capability
[    0.380755] clocksource: jiffies: mask: 0xffffffff max_cycles: 0xffffffff, max_idle_ns: 7645041785100000 ns
[    0.382336] futex hash table entries: 512 (order: 3, 32768 bytes)
[    0.383434] pinctrl core: initialized pinctrl subsystem
[    0.384408] RTC time: 19:13:45, date: 10/04/20
[    0.385353] NET: Registered protocol family 16
[    0.394888] cpuidle: using governor ladder
[    0.407545] cpuidle: using governor menu
[    0.408325] PCCT header not found.
[    0.409126] ACPI: bus type PCI registered
[    0.409929] acpiphp: ACPI Hot Plug PCI Controller Driver version: 0.5
[    0.411121] PCI: Using configuration type 1 for base access
[    0.424503] ACPI: Added _OSI(Module Device)
[    0.425442] ACPI: Added _OSI(Processor Device)
[    0.426307] ACPI: Added _OSI(3.0 _SCP Extensions)
[    0.427194] ACPI: Added _OSI(Processor Aggregator Device)
[    0.429047] ACPI: Executed 1 blocks of module-level executable AML code
[    0.432328] ACPI: Interpreter enabled
[    0.433058] ACPI: (supports S0 S5)
[    0.433722] ACPI: Using IOAPIC for interrupt routing
[    0.434832] PCI: Using host bridge windows from ACPI; if necessary, use "pci=nocrs" and report a bug
[    0.439492] ACPI: PCI Root Bridge [PCI0] (domain 0000 [bus 00-ff])
[    0.440625] acpi PNP0A03:00: _OSC: OS supports [ASPM ClockPM Segments MSI]
[    0.442094] acpi PNP0A03:00: _OSC: not requesting OS control; OS requires [ExtendedConfig ASPM ClockPM MSI]
[    0.443937] acpi PNP0A03:00: fail to add MMCONFIG information, can't access extended PCI configuration space under this bridge.
[    0.446109] PCI host bridge to bus 0000:00
[    0.447001] pci_bus 0000:00: root bus resource [io  0x0000-0x0cf7 window]
[    0.448083] pci_bus 0000:00: root bus resource [io  0x0d00-0xffff window]
[    0.449184] pci_bus 0000:00: root bus resource [mem 0x000a0000-0x000bffff window]
[    0.450995] pci_bus 0000:00: root bus resource [mem 0x40000000-0xfdffffff window]
[    0.452712] pci_bus 0000:00: root bus resource [bus 00-ff]
[    0.455065] pci 0000:00:01.1: legacy IDE quirk: reg 0x10: [io  0x01f0-0x01f7]
[    0.456262] pci 0000:00:01.1: legacy IDE quirk: reg 0x14: [io  0x03f6]
[    0.457286] pci 0000:00:01.1: legacy IDE quirk: reg 0x18: [io  0x0170-0x0177]
[    0.467373] pci 0000:00:01.1: legacy IDE quirk: reg 0x1c: [io  0x0376]
[    0.478791] pci 0000:00:07.0: quirk: [io  0x4000-0x403f] claimed by PIIX4 ACPI
[    0.480224] pci 0000:00:07.0: quirk: [io  0x4100-0x410f] claimed by PIIX4 SMB
[    0.485165] ACPI: PCI Interrupt Link [LNKA] (IRQs 5 9 10 *11)
[    0.486853] ACPI: PCI Interrupt Link [LNKB] (IRQs 5 9 *10 11)
[    0.488404] ACPI: PCI Interrupt Link [LNKC] (IRQs 5 *9 10 11)
[    0.489979] ACPI: PCI Interrupt Link [LNKD] (IRQs 5 9 10 *11)
[    0.491621] ACPI: Enabled 2 GPEs in block 00 to 07
[    0.492691] vgaarb: setting as boot device: PCI:0000:00:02.0
[    0.493596] vgaarb: device added: PCI:0000:00:02.0,decodes=io+mem,owns=io+mem,locks=none
[    0.494921] vgaarb: loaded
[    0.495468] vgaarb: bridge control possible 0000:00:02.0
[    0.496481] SCSI subsystem initialized
[    0.497352] ACPI: bus type USB registered
[    0.498117] usbcore: registered new interface driver usbfs
[    0.499345] usbcore: registered new interface driver hub
[    0.500241] usbcore: registered new device driver usb
[    0.501383] PCI: Using ACPI for IRQ routing
[    0.505029] NetLabel: Initializing
[    0.505716] NetLabel:  domain hash size = 128
[    0.506501] NetLabel:  protocols = UNLABELED CIPSOv4
[    0.507513] NetLabel:  unlabeled traffic allowed by default
[    0.508608] amd_nb: Cannot enumerate AMD northbridges
[    0.509550] clocksource: Switched to clocksource kvm-clock
[    0.520803] AppArmor: AppArmor Filesystem Enabled
[    0.521849] pnp: PnP ACPI init
[    0.523103] pnp: PnP ACPI: found 3 devices
[    0.532704] clocksource: acpi_pm: mask: 0xffffff max_cycles: 0xffffff, max_idle_ns: 2085701024 ns
[    0.534344] NET: Registered protocol family 2
[    0.535230] TCP established hash table entries: 8192 (order: 4, 65536 bytes)
[    0.536476] TCP bind hash table entries: 8192 (order: 5, 131072 bytes)
[    0.537528] TCP: Hash tables configured (established 8192 bind 8192)
[    0.538566] UDP hash table entries: 512 (order: 2, 16384 bytes)
[    0.539517] UDP-Lite hash table entries: 512 (order: 2, 16384 bytes)
[    0.540537] NET: Registered protocol family 1
[    0.541308] pci 0000:00:00.0: Limiting direct PCI/PCI transfers
[    0.542363] pci 0000:00:01.0: Activating ISA DMA hang workarounds
[    0.543447] Unpacking initramfs...
[    0.771928] Freeing initrd memory: 14880K
[    0.772816] clocksource: tsc: mask: 0xffffffffffffffff max_cycles: 0x19f22d4590b, max_idle_ns: 440795206913 ns
[    0.774545] platform rtc_cmos: registered platform RTC device (no PNP device found)
[    0.775971] Scanning for low memory corruption every 60 seconds
[    0.777318] audit: initializing netlink subsys (disabled)
[    0.778414] audit: type=2000 audit(1601838830.822:1): initialized
[    0.779610] Initialise system trusted keyring
[    0.780578] HugeTLB registered 2 MB page size, pre-allocated 0 pages
[    0.782780] zbud: loaded
[    0.783688] VFS: Disk quotas dquot_6.6.0
[    0.784462] VFS: Dquot-cache hash table entries: 512 (order 0, 4096 bytes)
[    0.785760] squashfs: version 4.0 (2009/01/31) Phillip Lougher
[    0.787043] fuse init (API version 7.23)
[    0.787948] Key type big_key registered
[    0.788683] Allocating IMA MOK and blacklist keyrings.
[    0.791327] Key type asymmetric registered
[    0.792077] Asymmetric key parser 'x509' registered
[    0.792959] Block layer SCSI generic (bsg) driver version 0.4 loaded (major 249)
[    0.794499] io scheduler noop registered
[    0.795439] io scheduler deadline registered (default)
[    0.796337] io scheduler cfq registered
[    0.797141] pci_hotplug: PCI Hot Plug PCI Core version: 0.5
[    0.798171] pciehp: PCI Express Hot Plug Controller Driver version: 0.4
[    0.799337] ACPI: AC Adapter [AC] (on-line)
[    0.800145] input: Power Button as /devices/LNXSYSTM:00/LNXPWRBN:00/input/input0
[    0.801477] ACPI: Power Button [PWRF]
[    0.802371] input: Sleep Button as /devices/LNXSYSTM:00/LNXSLPBN:00/input/input1
[    0.803710] ACPI: Sleep Button [SLPF]
[    0.804578] GHES: HEST is not enabled!
[    0.806684] Serial: 8250/16550 driver, 32 ports, IRQ sharing enabled
[    0.807180] ACPI: Battery Slot [BAT0] (battery present)
[    0.829065] 00:02: ttyS0 at I/O 0x3f8 (irq = 4, base_baud = 115200) is a 16550A
[    0.831260] Linux agpgart interface v0.103
[    0.833152] loop: module loaded
[    0.837420] scsi host0: ata_piix
[    0.840738] scsi host1: ata_piix
[    0.843049] ata1: PATA max UDMA/33 cmd 0x1f0 ctl 0x3f6 bmdma 0xd000 irq 14
[    0.846305] ata2: PATA max UDMA/33 cmd 0x170 ctl 0x376 bmdma 0xd008 irq 15
[    0.848944] libphy: Fixed MDIO Bus: probed
[    0.850942] tun: Universal TUN/TAP device driver, 1.6
[    0.852566] tun: (C) 1999-2004 Max Krasnyansky <maxk@qualcomm.com>
[    0.854395] PPP generic driver version 2.4.2
[    0.855807] ehci_hcd: USB 2.0 'Enhanced' Host Controller (EHCI) Driver
[    0.857485] ehci-pci: EHCI PCI platform driver
[    0.858675] ehci-platform: EHCI generic platform driver
[    0.859987] ohci_hcd: USB 1.1 'Open' Host Controller (OHCI) Driver
[    0.861464] ohci-pci: OHCI PCI platform driver
[    0.862614] ohci-platform: OHCI generic platform driver
[    0.863728] uhci_hcd: USB Universal Host Controller Interface driver
[    0.865017] i8042: PNP: PS/2 Controller [PNP0303:PS2K,PNP0f03:PS2M] at 0x60,0x64 irq 1,12
[    0.867263] serio: i8042 KBD port at 0x60,0x64 irq 1
[    0.868277] serio: i8042 AUX port at 0x60,0x64 irq 12
[    0.869288] mousedev: PS/2 mouse device common for all mice
[    0.870709] input: AT Translated Set 2 keyboard as /devices/platform/i8042/serio0/input/input2
[    0.872506] rtc_cmos rtc_cmos: rtc core: registered rtc_cmos as rtc0
[    0.873616] rtc_cmos rtc_cmos: alarms up to one day, 114 bytes nvram
[    0.874680] i2c /dev entries driver
[    0.875390] device-mapper: uevent: version 1.0.3
[    0.876267] device-mapper: ioctl: 4.34.0-ioctl (2015-10-28) initialised: dm-devel@redhat.com
[    0.877748] ledtrig-cpu: registered to indicate activity on CPUs
[    0.879294] NET: Registered protocol family 10
[    0.880341] NET: Registered protocol family 17
[    0.881140] Key type dns_resolver registered
[    0.882178] registered taskstats version 1
[    0.882945] Loading compiled-in X.509 certificates
[    0.884255] Loaded X.509 cert 'Build time autogenerated kernel key: b89e9ea735e1dbde81c7786f041ecf1d53e71c2e'
[    0.885920] zswap: loaded using pool lzo/zbud
[    0.888714] Key type trusted registered
[    0.893017] Key type encrypted registered
[    0.893932] AppArmor: AppArmor sha1 policy hashing enabled
[    0.894838] ima: No TPM chip found, activating TPM-bypass!
[    0.895832] ima: Allocated hash algorithm: sha1
[    0.896643] evm: HMAC attrs: 0x1
[    0.897937]   Magic number: 8:508:242
[    0.898739] rtc_cmos rtc_cmos: setting system clock to 2020-10-04 19:13:45 UTC (1601838825)
[    0.900406] BIOS EDD facility v0.16 2004-Jun-25, 0 devices found
[    0.901411] EDD information not available.
[    1.027578] Freeing unused kernel memory: 1492K
[    1.028439] Write protecting the kernel read-only data: 14336k
[    1.029900] Freeing unused kernel memory: 1592K
[    1.030897] Freeing unused kernel memory: 56K
Loading, please wait...
starting version 229
[    1.042904] random: systemd-udevd: uninitialized urandom read (16 bytes read, 3 bits of entropy available)
[    1.043359] random: udevadm: uninitialized urandom read (16 bytes read, 3 bits of entropy available)
[    1.043375] random: udevadm: uninitialized urandom read (16 bytes read, 3 bits of entropy available)
[    1.047992] random: systemd-udevd: uninitialized urandom read (16 bytes read, 3 bits of entropy available)
[    1.049276] random: udevadm: uninitialized urandom read (16 bytes read, 3 bits of entropy available)
[    1.049310] random: udevadm: uninitialized urandom read (16 bytes read, 3 bits of entropy available)
[    1.049415] random: udevadm: uninitialized urandom read (16 bytes read, 3 bits of entropy available)
[    1.049453] random: udevadm: uninitialized urandom read (16 bytes read, 3 bits of entropy available)
[    1.049490] random: udevadm: uninitialized urandom read (16 bytes read, 3 bits of entropy available)
[    1.049526] random: udevadm: uninitialized urandom read (16 bytes read, 3 bits of entropy available)
[    1.079207] e1000: Intel(R) PRO/1000 Network Driver - version 7.3.21-k8-NAPI
[    1.080480] e1000: Copyright (c) 1999-2006 Intel Corporation.
[    1.083936] Fusion MPT base driver 3.04.20
[    1.084708] Copyright (c) 1999-2008 LSI Corporation
[    1.095033] Fusion MPT SPI Host driver 3.04.20
[    1.097871] AVX2 version of gcm_enc/dec engaged.
[    1.098762] AES CTR mode by8 optimization enabled
[    1.290854] input: ImExPS/2 Generic Explorer Mouse as /devices/platform/i8042/serio1/input/input4
[    1.431277] e1000 0000:00:03.0 eth0: (PCI:33MHz:32-bit) 02:83:3c:85:18:ff
[    1.432423] e1000 0000:00:03.0 eth0: Intel(R) PRO/1000 Network Connection
[    1.434262] mptbase: ioc0: Initiating bringup
[    1.434795] e1000 0000:00:03.0 enp0s3: renamed from eth0
[    1.498895] ioc0: LSI53C1030 A0: Capabilities={Initiator}
[    1.666158] scsi host2: ioc0: LSI53C1030 A0, FwRev=00000000h, Ports=1, MaxQ=256, IRQ=20
[    1.783839] scsi 2:0:0:0: Direct-Access     VBOX     HARDDISK         1.0  PQ: 0 ANSI: 5
[    1.788311] scsi target2:0:0: Beginning Domain Validation
[    1.791160] scsi target2:0:0: Domain Validation skipping write tests
[    1.792101] scsi target2:0:0: Ending Domain Validation
[    1.792936] scsi target2:0:0: asynchronous
[    1.794064] scsi 2:0:1:0: Direct-Access     VBOX     HARDDISK         1.0  PQ: 0 ANSI: 5
[    1.795377] scsi target2:0:1: Beginning Domain Validation
[    1.796745] scsi target2:0:1: Domain Validation skipping write tests
[    1.797683] scsi target2:0:1: Ending Domain Validation
[    1.807118] scsi target2:0:1: asynchronous
[    1.813703] sd 2:0:0:0: [sda] 20971520 512-byte logical blocks: (10.7 GB/10.0 GiB)
[    1.813849] sd 2:0:0:0: Attached scsi generic sg0 type 0
[    1.814258] sd 2:0:1:0: Attached scsi generic sg1 type 0
[    1.814387] sd 2:0:1:0: [sdb] 20480 512-byte logical blocks: (10.5 MB/10.0 MiB)
[    1.814540] sd 2:0:1:0: [sdb] Write Protect is off
[    1.814611] sd 2:0:1:0: [sdb] Incomplete mode parameter data
[    1.814612] sd 2:0:1:0: [sdb] Assuming drive cache: write through
[    1.821025] sd 2:0:0:0: [sda] Write Protect is off
[    1.822083] sd 2:0:0:0: [sda] Incomplete mode parameter data
[    1.822949] sd 2:0:0:0: [sda] Assuming drive cache: write through
[    1.895481]  sda: sda1
[    1.900424] sd 2:0:1:0: [sdb] Attached SCSI disk
[    1.905089] sd 2:0:0:0: [sda] Attached SCSI disk
Begin: Loading essential drivers ... [    3.343348] md: linear personality registered for level -1
[    3.346217] md: multipath personality registered for level -4
[    3.349011] md: raid0 personality registered for level 0
[    3.352829] md: raid1 personality registered for level 1
[    3.421958] raid6: sse2x1   gen() 12044 MB/s
[    3.489661] raid6: sse2x1   xor()  8641 MB/s
[    3.557863] raid6: sse2x2   gen() 14059 MB/s
[    3.626059] raid6: sse2x2   xor()  9727 MB/s
[    3.693785] raid6: sse2x4   gen() 16292 MB/s
[    3.761973] raid6: sse2x4   xor() 10947 MB/s
[    3.829711] raid6: avx2x1   gen() 23395 MB/s
[    3.897901] raid6: avx2x2   gen() 27131 MB/s
[    3.966114] raid6: avx2x4   gen() 29571 MB/s
[    3.966914] raid6: using algorithm avx2x4 gen() 29571 MB/s
[    3.967829] raid6: using avx2x2 recovery algorithm
[    3.969775] xor: automatically using best checksumming function:
[    4.010233]    avx       : 31298.000 MB/sec
[    4.011843] async_tx: api initialized (async)
[    4.019707] md: raid6 personality registered for level 6
[    4.020636] md: raid5 personality registered for level 5
[    4.021507] md: raid4 personality registered for level 4
[    4.027445] md: raid10 personality registered for level 10
done.
Begin: Running /scripts/init-premount ... done.
Begin: Mounting root file system ... Begin: Running /scripts/local-top ... done.
Begin: Running /scripts/local-premount ... [    4.051039] Btrfs loaded
Scanning for Btrfs filesystems
done.
Warning: fsck not present, so skipping root file system
[    4.199274] EXT4-fs (sda1): mounted filesystem with ordered data mode. Opts: (null)
done.
Begin: Running /scripts/local-bottom ... done.
Begin: Running /scripts/init-bottom ... done.
[    4.994364] random: nonblocking pool is initialized
[    5.145053] systemd[1]: systemd 229 running in system mode. (+PAM +AUDIT +SELINUX +IMA +APPARMOR +SMACK +SYSVINIT +UTMP +LIBCRYPTSETUP +GCRYPT +GNUTLS +ACL +XZ -LZ4 +SECCOMP +BLKID +ELFUTILS +KMOD -IDN)
[    5.155540] systemd[1]: Detected virtualization oracle.
[    5.157682] systemd[1]: Detected architecture x86-64.

Welcome to [1mUbuntu 16.04.7 LTS[0m!

[    5.219815] systemd[1]: Set hostname to <ubuntu-xenial>.
[    6.338810] systemd[1]: Listening on udev Kernel Socket.
[[0;32m  OK  [0m] Listening on udev Kernel Socket.
[    6.340295] systemd[1]: Reached target Encrypted Volumes.
[[0;32m  OK  [0m] Reached target Encrypted Volumes.
[    6.349706] systemd[1]: Started Trigger resolvconf update for networkd DNS.
[[0;32m  OK  [0m] Started Trigger resolvconf update for networkd DNS.
[    6.358292] systemd[1]: Listening on Journal Socket.
[[0;32m  OK  [0m] Listening on Journal Socket.
[    6.359838] systemd[1]: Listening on udev Control Socket.
[[0;32m  OK  [0m] Listening on udev Control Socket.
[    6.361441] systemd[1]: Listening on Journal Socket (/dev/log).
[[0;32m  OK  [0m] Listening on Journal Socket (/dev/log).
[    6.370094] systemd[1]: Listening on Syslog Socket.
[[0;32m  OK  [0m] Listening on Syslog Socket.
[    6.371672] systemd[1]: Reached target User and Group Name Lookups.
[[0;32m  OK  [0m] Reached target User and Group Name Lookups.
[    6.373420] systemd[1]: Started Forward Password Requests to Wall Directory Watch.
[[0;32m  OK  [0m] Started Forward Password Requests to Wall Directory Watch.
[    6.375811] systemd[1]: Reached target Swap.
[[0;32m  OK  [0m] Reached target Swap.
[    6.377159] systemd[1]: Listening on Device-mapper event daemon FIFOs.
[[0;32m  OK  [0m] Listening on Device-mapper event daemon FIFOs.
[    6.379149] systemd[1]: Listening on LVM2 poll daemon socket.
[[0;32m  OK  [0m] Listening on LVM2 poll daemon socket.
[    6.385793] systemd[1]: Reached target System Time Synchronized.
[[0;32m  OK  [0m] Reached target System Time Synchronized.
[    6.393776] systemd[1]: Listening on Journal Audit Socket.
[[0;32m  OK  [0m] Listening on Journal Audit Socket.
[    6.395591] systemd[1]: Created slice User and Session Slice.
[[0;32m  OK  [0m] Created slice User and Session Slice.
[    6.397330] systemd[1]: Created slice System Slice.
[[0;32m  OK  [0m] Created slice System Slice.
[    6.409821] systemd[1]: Starting Remount Root and Kernel File Systems...
         Starting Remount Root and Kernel File Systems...
[    6.412004] systemd[1]: Starting Set console keymap...
         Starting Set console keymap...
[    6.413907] systemd[1]: Starting Uncomplicated firewall...
         Starting Uncomplicated firewall...
[    6.415338] systemd[1]: Reached target Slices.
[[0;32m  OK  [0m] Reached target Slices.
[    6.417183] systemd[1]: Starting Create list of required static device nodes for the current kernel...
         Starting Create list of required st... nodes for the current kernel...
[    6.420171] systemd[1]: Mounting POSIX Message Queue File System...
         Mounting POSIX Message Queue File System...
[    6.422051] systemd[1]: Created slice system-serial\x2dgetty.slice.
[[0;32m  OK  [0m] Created slice system-serial\x2dgetty.slice.
[    6.424234] systemd[1]: Starting Journal Service...
         Starting Journal Service...
[    6.446304] systemd[1]: Mounting Huge Pages File System...
         Mounting Huge Pages File System...
[    6.448398] systemd[1]: Starting Nameserver information manager...
         Starting Nameserver information manager...
[    6.450332] systemd[1]: Set up automount Arbitrary Executable File Formats File System Automount Point.
[[0;32m  OK  [0m] Set up automount Arbitrary Executab...ats File System Automount Point.
[    6.546212] systemd[1]: Starting Load Kernel Modules...
         Starting Load Kernel Modules...
[    6.558626] systemd[1]: Listening on /dev/initctl Compatibility Named Pipe.
[[0;32m  OK  [0m] Listening on /dev/initctl Compatibility Named Pipe.
[    6.566612] systemd[1]: Listening on LVM2 metadata daemon socket.
[[0;32m  OK  [0m] Listening on LVM2 metadata daemon socket.
[    6.577659] systemd[1]: Starting Monitoring of LVM2 mirrors, snapshots etc. using dmeventd or progress polling...
         Starting Monitoring of LVM2 mirrors... dmeventd or progress polling...
[    6.586950] systemd[1]: Mounting Debug File System...
         Mounting Debug File System...
[    6.599942] systemd[1]: Started Uncomplicated firewall.
[[0;32m  OK  [0m] Started Uncomplicated firewall.
[    6.602089] systemd[1]: Started Create list of required static device nodes for the current kernel.
[[0;32m  OK  [0m] Started Create list of required sta...ce nodes for the current kernel.
[    6.610568] systemd[1]: Starting Create Static Device Nodes in /dev...
         Starting Create Static Device Nodes in /dev...
[    6.691352] Loading iSCSI transport class v2.0-870.
[    6.753353] systemd[1]: Mounted Debug File System.
[[0;32m  OK  [0m] Mounted Debug File System.
[    6.760484] EXT4-fs (sda1): re-mounted. Opts: (null)
[    6.760760] systemd[1]: Mounted Huge Pages File System.
[[0;32m  OK  [0m] Mounted Huge Pages File System.
[    6.765925] systemd[1]: Mounted POSIX Message Queue File System.
[[0;32m  OK  [0m] Mounted POSIX Message Queue File System.
[    6.768226] systemd[1]: Started Remount Root and Kernel File Systems.
[[0;32m  OK  [0m] Started Remount Root and Kernel File Systems.
[    6.791288] systemd[1]: Starting Load/Save Random Seed...
         Starting Load/Save Random Seed...
[    6.906326] systemd[1]: Starting udev Coldplug all Devices...
[    6.911640] iscsi: registered transport (tcp)
         Starting udev Coldplug all Devices...
[    6.917403] systemd[1]: Started Nameserver information manager.
[[0;32m  OK  [0m] Started Nameserver information manager.
[    6.956261] systemd[1]: Started Load/Save Random Seed.
[[0;32m  OK  [0m] Started Load/Save Random Seed.
[    7.057215] systemd[1]: Started Journal Service.
[[0;32m  OK  [0m] Started Journal Service.
[[0;32m  OK  [0m] Started LVM2 metadata daemon.
         Starting Flush Journal to Persistent Storage...
[[0;32m  OK  [0m] Started udev Coldplug all Devices.
[[0;32m  OK  [0m] Started Set console keymap.
[    7.180995] iscsi: registered transport (iser)
[[0;32m  OK  [0m] Started Load Kernel Modules.
         Starting Apply Kernel Variables...
         Mounting FUSE Control File System...
[[0;32m  OK  [0m] Mounted FUSE Control File System.
[    7.224527] systemd-journald[386]: Received request to flush runtime journal from PID 1
[[0;32m  OK  [0m] Started Flush Journal to Persistent Storage.
[[0;32m  OK  [0m] Started Create Static Device Nodes in /dev.
         Starting udev Kernel Device Manager...
[[0;32m  OK  [0m] Started Apply Kernel Variables.
[[0;32m  OK  [0m] Started Monitoring of LVM2 mirrors,...ng dmeventd or progress polling.
[[0;32m  OK  [0m] Reached target Local File Systems (Pre).
[[0;32m  OK  [0m] Reached target Local File Systems.
         Starting Create Volatile Files and Directories...
         Starting Tell Plymouth To Write Out Runtime Data...
         Starting Initial cloud-init job (pre-networking)...
         Starting Set console font and keymap...
         Starting LSB: AppArmor initialization...
         Mounting /vagrant...
[[0;32m  OK  [0m] Started Tell Plymouth To Write Out Runtime Data.
[[0;1;31mFAILED[0m] Failed to mount /vagrant.
See 'systemctl status vagrant.mount' for details.
[[0;32m  OK  [0m] Started Create Volatile Files and Directories.
         Starting Update UTMP about System Boot/Shutdown...
[[0;32m  OK  [0m] Started udev Kernel Device Manager.
[[0;32m  OK  [0m] Started Dispatch Password Requests to Console Directory Watch.
[[0;32m  OK  [0m] Started Update UTMP about System Boot/Shutdown.
[[0;32m  OK  [0m] Found device /dev/ttyS0.
[[0;32m  OK  [0m] Listening on Load/Save RF Kill Switch Status /dev/rfkill Watch.
[[0;32m  OK  [0m] Found device 82540EM Gigabit Ethern...r (PRO/1000 MT Desktop Adapter).
[[0;32m  OK  [0m] Started Set console font and keymap.
[[0;32m  OK  [0m] Created slice system-getty.slice.
[[0;32m  OK  [0m] Started LSB: AppArmor initialization.
         Starting Load AppArmor profiles managed internally by snapd...
[[0;32m  OK  [0m] Started Load AppArmor profiles managed internally by snapd.
[   13.038551] cloud-init[481]: Cloud-init v. 20.3-2-g371b392c-0ubuntu1~16.04.1 running 'init-local' at Sun, 04 Oct 2020 19:13:57 +0000. Up 12.31 seconds.
[[0;32m  OK  [0m] Started Initial cloud-init job (pre-networking).
[[0;32m  OK  [0m] Reached target Network (Pre).
[[0;32m  OK  [0m] Started ifup for enp0s3.
         Starting Raise network interfaces...
[[0;32m  OK  [0m] Started Raise network interfaces.
         Starting Initial cloud-init job (metadata service crawler)...
[[0;32m  OK  [0m] Reached target Network.
[   14.465749] cloud-init[996]: Cloud-init v. 20.3-2-g371b392c-0ubuntu1~16.04.1 running 'init' at Sun, 04 Oct 2020 19:13:58 +0000. Up 13.76 seconds.
[   14.466953] cloud-init[996]: ci-info: ++++++++++++++++++++++++++++++++++++++Net device info++++++++++++++++++++++++++++++++++++++
[   14.467920] cloud-init[996]: ci-info: +--------+------+----------------------------+---------------+--------+-------------------+
[   14.468967] cloud-init[996]: ci-info: | Device |  Up  |          Address           |      Mask     | Scope  |     Hw-Address    |
[   14.469915] cloud-init[996]: ci-info: +--------+------+----------------------------+---------------+--------+-------------------+
[   14.470867] cloud-init[996]: ci-info: | enp0s3 | True |         10.0.2.15          | 255.255.255.0 | global | 02:83:3c:85:18:ff |
[   14.476467] cloud-init[996]: ci-info: | enp0s3 | True | fe80::83:3cff:fe85:18ff/64 |       .       |  link  | 02:83:3c:85:18:ff |
[   14.484339] cloud-init[996]: ci-info: |   lo   | True |         127.0.0.1          |   255.0.0.0   |  host  |         .         |
[   14.485282] cloud-init[996]: ci-info: |   lo   | True |          ::1/128           |       .       |  host  |         .         |
[   14.493184] cloud-init[996]: ci-info: +--------+------+----------------------------+---------------+--------+-------------------+
[   14.500968] cloud-init[996]: ci-info: +++++++++++++++++++++++++++Route IPv4 info++++++++++++++++++++++++++++
[[0;32m  OK  [0m] Started Initial cloud-init job (metadata service crawler).
[   14.501107] cloud-init[996]: ci-info: +-------+-------------+----------+---------------+-----------+-------+
[   14.509010] cloud-init[996]: ci-info: | Route | Destination | Gateway  |    Genmask    | Interface | Flags |
[   14.509198] [cloud-init[0;32m  OK  [0m[996]: ] ci-info: +-------+-------------+----------+---------------+-----------+-------+Reached target System Initialization.

[   14.509236] cloud-init[996]: ci-info: |   0   |   0.0.0.0   | 10.0.2.2 |    0.0.0.0    |   enp0s3  |   UG  |
[[0;32m  OK  [0m] Listening on UUID daemon activation socket.
         [   14.516722] Starting Socket activation for snappy daemon.cloud-init
[996]: ci-info: |   1   |   10.0.2.0  | 0.0.0.0  | 255.255.255.0 |   enp0s3  |   U   |
[   14.526070] cloud-init[996]: ci-info: +-------+-------------+----------+---------------+-----------+-------+
[   14.527108] cloud-init[996]: ci-info: +++++++++++++++++++Route IPv6 info+++++++++++++++++++
[   14.527918] cloud-init[996]: ci-info: +-------+-------------+---------+-----------+-------+
[   14.528835] cloud-init[996]: ci-info: | Route | Destination | Gateway | Interface | Flags |
[   14.529760] cloud-init[996]: ci-info: +-------+-------------+---------+-----------+-------+
[   14.530661] cloud-init[996]: ci-info: |   0   |  fe80::/64  |    ::   |   enp0s3  |   U   |
[   14.531531] cloud-init[996]: ci-info: |   3   |   ff00::/8  |    ::   |   enp0s3  |   U   |
[   14.532436] cloud-init[996]: ci-info: +-------+-------------+---------+-----------+-------+
[[0;32m  OK  [0m] Started ACPI Events Check.
[[0;32m  OK  [0m] Reached target Paths.
[[0;32m  OK  [0m] Started Message of the Day.
[[0;32m  OK  [0m] Started Daily Cleanup of Temporary Directories.
[[0;32m  OK  [0m] Listening on D-Bus System Message Bus Socket.
         Starting LXD - unix socket.
[[0;32m  OK  [0m] Listening on ACPID Listen Socket.
[[0;32m  OK  [0m] Started Daily apt download activities.
[[0;32m  OK  [0m] Started Daily apt upgrade and clean activities.
[[0;32m  OK  [0m] Reached target Timers.
[[0;32m  OK  [0m] Reached target Network is Online.
         Starting iSCSI initiator daemon (iscsid)...
[[0;32m  OK  [0m] Reached target Cloud-config availability.
[[0;32m  OK  [0m] Listening on Socket activation for snappy daemon.
[[0;32m  OK  [0m] Listening on LXD - unix socket.
[[0;32m  OK  [0m] Reached target Sockets.
[[0;32m  OK  [0m] Reached target Basic System.
         Starting /etc/rc.local Compatibility...
[[0;32m  OK  [0m] Started ACPI event daemon.
         Starting LXD - container startup/shutdown...
[[0;32m  OK  [0m] Started D-Bus System Message Bus.
         Starting System Logging Service...
         Starting Virtualbox guest utils...
         Starting Login Service...
[[0;32m  OK  [0m] Started Deferred execution scheduler.
[[0;32m  OK  [0m] Started Regular background program processing daemon.
[[0;32m  OK  [0m] Started FUSE filesystem for LXC.
         Starting OpenBSD Secure Shell server...
         Starting Accounts Service...
         Starting Snap Daemon...
         Starting LSB: MD monitoring daemon...
         Starting LSB: Record successful boot for GRUB...
[[0;32m  OK  [0m] Started /etc/rc.local Compatibility.
[[0;32m  OK  [0m] Started Login Service.
[[0;32m  OK  [0m] Started Unattended Upgrades Shutdown.
[[0;32m  OK  [0m] Started iSCSI initiator daemon (iscsid).
         Starting Login to default iSCSI targets...
[[0;32m  OK  [0m] Started LSB: MD monitoring daemon.
[[0;32m  OK  [0m] Started Login to default iSCSI targets.
[[0;32m  OK  [0m] Started LSB: Record successful boot for GRUB.
[[0;32m  OK  [0m] Reached target Remote File Systems (Pre).
[[0;32m  OK  [0m] Reached target Remote File Systems.
         Starting LSB: daemon to balance interrupts for SMP systems...
         Starting LSB: Set the CPU Frequency Scaling governor to "ondemand"...
         Starting LSB: automatic crash report generation...
         Starting Permit User Sessions...
[[0;32m  OK  [0m] Started LSB: Set the CPU Frequency Scaling governor to "ondemand".
[[0;32m  OK  [0m] Started Permit User Sessions.
         Starting Terminate Plymouth Boot Screen...
         Starting Hold until boot process finishes up...
[[0;32m  OK  [0m] Started Hold until boot process finishes up.
[[0;32m  OK  [0m] Started Terminate Plymouth Boot Screen.
[[0;32m  OK  [0m] Started Serial Getty on ttyS0.
[[0;32m  OK  [0m] Started Getty on tty1.
[[0;32m  OK  [0m] Reached target Login Prompts.
         Starting Set console scheme...
[[0;32m  OK  [0m] Started LSB: automatic crash report generation.
[[0;32m  OK  [0m] Started LSB: daemon to balance interrupts for SMP systems.
[[0;32m  OK  [0m] Started Virtualbox guest utils.
[[0;32m  OK  [0m] Started Set console scheme.
[[0;32m  OK  [0m] Started System Logging Service.
         Starting Authenticate and Authorize Users to Run Privileged Tasks...
[[0;32m  OK  [0m] Started OpenBSD Secure Shell server.
[[0;32m  OK  [0m] Started Authenticate and Authorize Users to Run Privileged Tasks.
[[0;32m  OK  [0m] Started Accounts Service.
[[0;32m  OK  [0m] Started LXD - container startup/shutdown.
[[0;32m  OK  [0m] Created slice User Slice of vagrant.
         Starting User Manager for UID 1000...
[[0;32m  OK  [0m] Started Session 1 of user vagrant.
[[0;32m  OK  [0m] Started User Manager for UID 1000.
[[0;32m  OK  [0m] Started Snap Daemon.
         Starting Wait until snapd is fully seeded...
[[0;32m  OK  [0m] Started Wait until snapd is fully seeded.
         Starting Apply the settings specified in cloud-config...
[[0;32m  OK  [0m] Reached target Multi-User System.
[[0;32m  OK  [0m] Reached target Graphical Interface.
         Starting Update UTMP about System Runlevel Changes...
[[0;32m  OK  [0m] Started Update UTMP about System Runlevel Changes.
[   19.933499] cloud-init[1279]: Cloud-init v. 20.3-2-g371b392c-0ubuntu1~16.04.1 running 'modules:config' at Sun, 04 Oct 2020 19:14:04 +0000. Up 19.79 seconds.
[[0;32m  OK  [0m] Started Apply the settings specified in cloud-config.
         Starting Execute cloud user/final scripts...
[   20.303886] cloud-init[1335]: Cloud-init v. 20.3-2-g371b392c-0ubuntu1~16.04.1 running 'modules:final' at Sun, 04 Oct 2020 19:14:04 +0000. Up 20.18 seconds.
[   20.312955] cloud-init[1335]: Cloud-init v. 20.3-2-g371b392c-0ubuntu1~16.04.1 finished at Sun, 04 Oct 2020 19:14:05 +0000. Datasource DataSourceNoCloud [seed=/dev/sdb][dsmode=net].  Up 20.29 seconds
[[0;32m  OK  [0m] Started Execute cloud user/final scripts.
[[0;32m  OK  [0m] Reached target Cloud-init target.

Ubuntu 16.04.7 LTS ubuntu-xenial ttyS0

ubuntu-xenial login: 